2023-02-23 13:56:01.970  INFO 11000 --- [main] com.dy.demo.ThreadPoolExecutorTest       : Starting ThreadPoolExecutorTest using Java 1.8.0_111 on DESKTOP-AO8U3N4 with PID 11000 (started by et in D:\project\demo)
2023-02-23 13:56:01.995  INFO 11000 --- [main] com.dy.demo.ThreadPoolExecutorTest       : The following 1 profile is active: "dev"
2023-02-23 13:56:05.523  INFO 11000 --- [main] com.dy.demo.ThreadPoolExecutorTest       : Started ThreadPoolExecutorTest in 4.655 seconds (JVM running for 8.08)
2023-02-23 14:11:22.096  INFO 7948 --- [main] com.dy.demo.DemoApplication              : Starting DemoApplication using Java 1.8.0_111 on DESKTOP-AO8U3N4 with PID 7948 (D:\project\demo\target\classes started by et in D:\project\demo)
2023-02-23 14:11:22.105  INFO 7948 --- [main] com.dy.demo.DemoApplication              : The following 1 profile is active: "dev"
2023-02-23 14:11:24.856  INFO 7948 --- [main] o.s.b.w.embedded.tomcat.TomcatWebServer  : Tomcat initialized with port(s): 8010 (http)
2023-02-23 14:11:24.884  INFO 7948 --- [main] o.apache.catalina.core.StandardService   : Starting service [Tomcat]
2023-02-23 14:11:24.884  INFO 7948 --- [main] org.apache.catalina.core.StandardEngine  : Starting Servlet engine: [Apache Tomcat/9.0.58]
2023-02-23 14:11:25.018  INFO 7948 --- [main] o.a.c.c.C.[Tomcat].[localhost].[/]       : Initializing Spring embedded WebApplicationContext
2023-02-23 14:11:25.018  INFO 7948 --- [main] w.s.c.ServletWebServerApplicationContext : Root WebApplicationContext: initialization completed in 2541 ms
2023-02-23 14:11:25.618  INFO 7948 --- [main] o.s.b.w.embedded.tomcat.TomcatWebServer  : Tomcat started on port(s): 8010 (http) with context path ''
2023-02-23 14:11:25.630  INFO 7948 --- [main] com.dy.demo.DemoApplication              : Started DemoApplication in 4.697 seconds (JVM running for 7.814)
2023-02-23 14:11:43.975  INFO 7948 --- [http-nio-8010-exec-1] o.a.c.c.C.[Tomcat].[localhost].[/]       : Initializing Spring DispatcherServlet 'dispatcherServlet'
2023-02-23 14:11:43.975  INFO 7948 --- [http-nio-8010-exec-1] o.s.web.servlet.DispatcherServlet        : Initializing Servlet 'dispatcherServlet'
2023-02-23 14:11:43.976  INFO 7948 --- [http-nio-8010-exec-1] o.s.web.servlet.DispatcherServlet        : Completed initialization in 1 ms
2023-02-23 14:13:26.790  INFO 7908 --- [main] com.dy.demo.DemoApplication              : Starting DemoApplication using Java 1.8.0_111 on DESKTOP-AO8U3N4 with PID 7908 (D:\project\demo\target\classes started by et in D:\project\demo)
2023-02-23 14:13:26.796  INFO 7908 --- [main] com.dy.demo.DemoApplication              : The following 1 profile is active: "dev"
2023-02-23 14:13:28.965  INFO 7908 --- [main] o.s.b.w.embedded.tomcat.TomcatWebServer  : Tomcat initialized with port(s): 8010 (http)
2023-02-23 14:13:28.975  INFO 7908 --- [main] o.apache.catalina.core.StandardService   : Starting service [Tomcat]
2023-02-23 14:13:28.976  INFO 7908 --- [main] org.apache.catalina.core.StandardEngine  : Starting Servlet engine: [Apache Tomcat/9.0.58]
2023-02-23 14:13:29.071  INFO 7908 --- [main] o.a.c.c.C.[Tomcat].[localhost].[/]       : Initializing Spring embedded WebApplicationContext
2023-02-23 14:13:29.071  INFO 7908 --- [main] w.s.c.ServletWebServerApplicationContext : Root WebApplicationContext: initialization completed in 2204 ms
2023-02-23 14:13:30.015  INFO 7908 --- [main] o.s.b.w.embedded.tomcat.TomcatWebServer  : Tomcat started on port(s): 8010 (http) with context path ''
2023-02-23 14:13:30.039  INFO 7908 --- [main] com.dy.demo.DemoApplication              : Started DemoApplication in 4.532 seconds (JVM running for 8.224)
2023-02-23 14:13:41.860  INFO 7908 --- [http-nio-8010-exec-1] o.a.c.c.C.[Tomcat].[localhost].[/]       : Initializing Spring DispatcherServlet 'dispatcherServlet'
2023-02-23 14:13:41.860  INFO 7908 --- [http-nio-8010-exec-1] o.s.web.servlet.DispatcherServlet        : Initializing Servlet 'dispatcherServlet'
2023-02-23 14:13:41.862  INFO 7908 --- [http-nio-8010-exec-1] o.s.web.servlet.DispatcherServlet        : Completed initialization in 1 ms
2023-02-23 14:22:16.761  INFO 328 --- [main] com.dy.demo.DemoApplication              : Starting DemoApplication using Java 1.8.0_111 on DESKTOP-AO8U3N4 with PID 328 (D:\project\demo\target\classes started by et in D:\project\demo)
2023-02-23 14:22:16.769  INFO 328 --- [main] com.dy.demo.DemoApplication              : The following 1 profile is active: "dev"
2023-02-23 14:22:18.185  INFO 328 --- [main] o.s.b.w.embedded.tomcat.TomcatWebServer  : Tomcat initialized with port(s): 8010 (http)
2023-02-23 14:22:18.194  INFO 328 --- [main] o.apache.catalina.core.StandardService   : Starting service [Tomcat]
2023-02-23 14:22:18.196  INFO 328 --- [main] org.apache.catalina.core.StandardEngine  : Starting Servlet engine: [Apache Tomcat/9.0.58]
2023-02-23 14:22:18.303  INFO 328 --- [main] o.a.c.c.C.[Tomcat].[localhost].[/]       : Initializing Spring embedded WebApplicationContext
2023-02-23 14:22:18.304  INFO 328 --- [main] w.s.c.ServletWebServerApplicationContext : Root WebApplicationContext: initialization completed in 1462 ms
2023-02-23 14:22:18.758  INFO 328 --- [main] o.s.b.w.embedded.tomcat.TomcatWebServer  : Tomcat started on port(s): 8010 (http) with context path ''
2023-02-23 14:22:18.770  INFO 328 --- [main] com.dy.demo.DemoApplication              : Started DemoApplication in 2.878 seconds (JVM running for 5.027)
2023-02-23 14:23:10.406  INFO 328 --- [http-nio-8010-exec-1] o.a.c.c.C.[Tomcat].[localhost].[/]       : Initializing Spring DispatcherServlet 'dispatcherServlet'
2023-02-23 14:23:10.406  INFO 328 --- [http-nio-8010-exec-1] o.s.web.servlet.DispatcherServlet        : Initializing Servlet 'dispatcherServlet'
2023-02-23 14:23:10.407  INFO 328 --- [http-nio-8010-exec-1] o.s.web.servlet.DispatcherServlet        : Completed initialization in 1 ms
2023-02-23 14:23:13.588  WARN 328 --- [http-nio-8010-exec-2] .w.s.m.s.DefaultHandlerExceptionResolver : Resolved [org.springframework.web.bind.MissingServletRequestParameterException: Required request parameter 'param' for method parameter type String is not present]
2023-02-23 14:23:16.378  WARN 328 --- [http-nio-8010-exec-3] .w.s.m.s.DefaultHandlerExceptionResolver : Resolved [org.springframework.web.bind.MissingServletRequestParameterException: Required request parameter 'param' for method parameter type String is not present]
2023-02-23 14:29:09.124  INFO 6356 --- [main] com.dy.demo.DemoApplication              : Starting DemoApplication using Java 1.8.0_111 on DESKTOP-AO8U3N4 with PID 6356 (D:\project\demo\target\classes started by et in D:\project\demo)
2023-02-23 14:29:09.137  INFO 6356 --- [main] com.dy.demo.DemoApplication              : The following 1 profile is active: "dev"
2023-02-23 14:29:10.824  INFO 6356 --- [main] o.s.b.w.embedded.tomcat.TomcatWebServer  : Tomcat initialized with port(s): 8010 (http)
2023-02-23 14:29:10.843  INFO 6356 --- [main] o.apache.catalina.core.StandardService   : Starting service [Tomcat]
2023-02-23 14:29:10.845  INFO 6356 --- [main] org.apache.catalina.core.StandardEngine  : Starting Servlet engine: [Apache Tomcat/9.0.58]
2023-02-23 14:29:10.953  INFO 6356 --- [main] o.a.c.c.C.[Tomcat].[localhost].[/]       : Initializing Spring embedded WebApplicationContext
2023-02-23 14:29:10.953  INFO 6356 --- [main] w.s.c.ServletWebServerApplicationContext : Root WebApplicationContext: initialization completed in 1728 ms
2023-02-23 14:29:11.356  INFO 6356 --- [main] o.s.b.w.embedded.tomcat.TomcatWebServer  : Tomcat started on port(s): 8010 (http) with context path ''
2023-02-23 14:29:11.367  INFO 6356 --- [main] com.dy.demo.DemoApplication              : Started DemoApplication in 3.196 seconds (JVM running for 5.227)
2023-02-23 14:48:52.406  INFO 6356 --- [http-nio-8010-exec-1] o.a.c.c.C.[Tomcat].[localhost].[/]       : Initializing Spring DispatcherServlet 'dispatcherServlet'
2023-02-23 14:48:52.407  INFO 6356 --- [http-nio-8010-exec-1] o.s.web.servlet.DispatcherServlet        : Initializing Servlet 'dispatcherServlet'
2023-02-23 14:48:52.408  INFO 6356 --- [http-nio-8010-exec-1] o.s.web.servlet.DispatcherServlet        : Completed initialization in 1 ms
2023-02-23 14:55:14.877  INFO 10976 --- [main] com.dy.demo.ThreadPoolExecutorTest       : Starting ThreadPoolExecutorTest using Java 1.8.0_111 on DESKTOP-AO8U3N4 with PID 10976 (started by et in D:\project\demo)
2023-02-23 14:55:14.879  INFO 10976 --- [main] com.dy.demo.ThreadPoolExecutorTest       : The following 1 profile is active: "dev"
2023-02-23 14:55:17.381  INFO 10976 --- [main] com.dy.demo.ThreadPoolExecutorTest       : Started ThreadPoolExecutorTest in 3.283 seconds (JVM running for 5.037)
